<?xml version="1.0" encoding="UTF-8"?>
<id>
	<login>test</login>
	<password>test</password>
	<nickname></nickname>
	<status></status>
	<module></module>
	<birth></birth>
	<surname></surname>
	<name>eeeee</name>
	<address></address>
	<phone></phone>
	<contacts>
		<id>10</id>
		<id>10</id>
		<id>10</id>
		<id>10</id>
		<id>10</id>
	</contacts>
</id>
